Using pre-set license
Built from '2021.3/staging' branch; Version is '2021.3.21f1 (1b156197d683) revision 1774945'; Using compiler version '192829333'; Build Type 'Release'
OS: 'Windows 11  (10.0.22621) 64bit Professional' Language: 'en' Physical Memory: 15628 MB
BatchMode: 1, IsHumanControllingUs: 0, StartBugReporterOnCrash: 0, Is64bit: 1, IsPro: 1

COMMAND LINE ARGUMENTS:
C:\Program Files\Unity 2021.3.21f1\Editor\Unity.exe
-adb2
-batchMode
-noUpm
-name
AssetImportWorker2
-projectPath
D:/GP/4-7
-logFile
Logs/AssetImportWorker2.log
-srvPort
51887
Successfully changed project path to: D:/GP/4-7
D:/GP/4-7
[UnityMemory] Configuration Parameters - Can be set up in boot.config
    "memorysetup-bucket-allocator-granularity=16"
    "memorysetup-bucket-allocator-bucket-count=8"
    "memorysetup-bucket-allocator-block-size=33554432"
    "memorysetup-bucket-allocator-block-count=8"
    "memorysetup-main-allocator-block-size=16777216"
    "memorysetup-thread-allocator-block-size=16777216"
    "memorysetup-gfx-main-allocator-block-size=16777216"
    "memorysetup-gfx-thread-allocator-block-size=16777216"
    "memorysetup-cache-allocator-block-size=4194304"
    "memorysetup-typetree-allocator-block-size=2097152"
    "memorysetup-profiler-bucket-allocator-granularity=16"
    "memorysetup-profiler-bucket-allocator-bucket-count=8"
    "memorysetup-profiler-bucket-allocator-block-size=33554432"
    "memorysetup-profiler-bucket-allocator-block-count=8"
    "memorysetup-profiler-allocator-block-size=16777216"
    "memorysetup-profiler-editor-allocator-block-size=1048576"
    "memorysetup-temp-allocator-size-main=16777216"
    "memorysetup-job-temp-allocator-block-size=2097152"
    "memorysetup-job-temp-allocator-block-size-background=1048576"
    "memorysetup-job-temp-allocator-reduction-small-platforms=262144"
    "memorysetup-temp-allocator-size-background-worker=32768"
    "memorysetup-temp-allocator-size-job-worker=262144"
    "memorysetup-temp-allocator-size-preload-manager=33554432"
    "memorysetup-temp-allocator-size-nav-mesh-worker=65536"
    "memorysetup-temp-allocator-size-audio-worker=65536"
    "memorysetup-temp-allocator-size-cloud-worker=32768"
    "memorysetup-temp-allocator-size-gi-baking-worker=262144"
    "memorysetup-temp-allocator-size-gfx=262144"
Player connection [28608] Host "[IP] 172.19.0.1 [Port] 0 [Flags] 2 [Guid] 656827918 [EditorId] 656827918 [Version] 1048832 [Id] WindowsEditor(7,Dionysus) [Debug] 1 [PackageName] WindowsEditor [ProjectName] Editor" joined multi-casting on [225.0.0.222:54997]...

Player connection [28608] Host "[IP] 172.19.0.1 [Port] 0 [Flags] 2 [Guid] 656827918 [EditorId] 656827918 [Version] 1048832 [Id] WindowsEditor(7,Dionysus) [Debug] 1 [PackageName] WindowsEditor [ProjectName] Editor" joined alternative multi-casting on [225.0.0.222:34997]...

Refreshing native plugins compatible for Editor in 93.83 ms, found 3 plugins.
Preloading 0 native plugins for Editor in 0.00 ms.
Initialize engine version: 2021.3.21f1 (1b156197d683)
[Subsystems] Discovering subsystems at path C:/Program Files/Unity 2021.3.21f1/Editor/Data/Resources/UnitySubsystems
[Subsystems] Discovering subsystems at path D:/GP/4-7/Assets
GfxDevice: creating device client; threaded=0; jobified=0
Direct3D:
    Version:  Direct3D 11.0 [level 11.1]
    Renderer: NVIDIA GeForce RTX 3060 Laptop GPU (ID=0x2520)
    Vendor:   NVIDIA
    VRAM:     6023 MB
    Driver:   31.0.15.1640
Initialize mono
Mono path[0] = 'C:/Program Files/Unity 2021.3.21f1/Editor/Data/Managed'
Mono path[1] = 'C:/Program Files/Unity 2021.3.21f1/Editor/Data/MonoBleedingEdge/lib/mono/unityjit-win32'
Mono config path = 'C:/Program Files/Unity 2021.3.21f1/Editor/Data/MonoBleedingEdge/etc'
Using monoOptions --debugger-agent=transport=dt_socket,embedding=1,server=y,suspend=n,address=127.0.0.1:56740
Begin MonoManager ReloadAssembly
Registering precompiled unity dll's ...
Register platform support module: C:/Program Files/Unity 2021.3.21f1/Editor/Data/PlaybackEngines/WindowsStandaloneSupport/UnityEditor.WindowsStandalone.Extensions.dll
Registered in 0.002786 seconds.
Native extension for WindowsStandalone target not found
Refreshing native plugins compatible for Editor in 67.57 ms, found 3 plugins.
Preloading 0 native plugins for Editor in 0.00 ms.
Mono: successfully reloaded assembly
- Completed reload, in  0.594 seconds
Domain Reload Profiling:
	ReloadAssembly (594ms)
		BeginReloadAssembly (95ms)
			ExecutionOrderSort (0ms)
			DisableScriptedObjects (0ms)
			BackupInstance (0ms)
			ReleaseScriptingObjects (0ms)
			CreateAndSetChildDomain (1ms)
		EndReloadAssembly (408ms)
			LoadAssemblies (92ms)
			RebuildTransferFunctionScriptingTraits (0ms)
			SetupTypeCache (99ms)
			ReleaseScriptCaches (0ms)
			RebuildScriptCaches (27ms)
			SetupLoadedEditorAssemblies (236ms)
				LogAssemblyErrors (0ms)
				InitializePlatformSupportModulesInManaged (8ms)
				SetLoadedEditorAssemblies (0ms)
				RefreshPlugins (68ms)
				BeforeProcessingInitializeOnLoad (1ms)
				ProcessInitializeOnLoadAttributes (115ms)
				ProcessInitializeOnLoadMethodAttributes (44ms)
				AfterProcessingInitializeOnLoad (0ms)
				EditorAssembliesLoaded (0ms)
			ExecutionOrderSort2 (0ms)
			AwakeInstancesAfterBackupRestoration (0ms)
Platform modules already initialized, skipping
Registering precompiled user dll's ...
Registered in 0.002615 seconds.
Begin MonoManager ReloadAssembly
Symbol file LoadedFromMemory doesn't match image D:\GP\4-7\Library\PackageCache\com.unity.visualscripting@1.8.0\Editor\VisualScripting.Core\Dependencies\YamlDotNet\Unity.VisualScripting.YamlDotNet.dll
Symbol file LoadedFromMemory doesn't match image D:\GP\4-7\Library\PackageCache\com.unity.visualscripting@1.8.0\Editor\VisualScripting.Core\Dependencies\DotNetZip\Unity.VisualScripting.IonicZip.dll
Native extension for WindowsStandalone target not found
Refreshing native plugins compatible for Editor in 66.69 ms, found 3 plugins.
Preloading 0 native plugins for Editor in 0.00 ms.
Mono: successfully reloaded assembly
- Completed reload, in  1.193 seconds
Domain Reload Profiling:
	ReloadAssembly (1194ms)
		BeginReloadAssembly (122ms)
			ExecutionOrderSort (0ms)
			DisableScriptedObjects (6ms)
			BackupInstance (0ms)
			ReleaseScriptingObjects (0ms)
			CreateAndSetChildDomain (22ms)
		EndReloadAssembly (984ms)
			LoadAssemblies (92ms)
			RebuildTransferFunctionScriptingTraits (0ms)
			SetupTypeCache (226ms)
			ReleaseScriptCaches (0ms)
			RebuildScriptCaches (49ms)
			SetupLoadedEditorAssemblies (588ms)
				LogAssemblyErrors (0ms)
				InitializePlatformSupportModulesInManaged (3ms)
				SetLoadedEditorAssemblies (1ms)
				RefreshPlugins (67ms)
				BeforeProcessingInitializeOnLoad (76ms)
				ProcessInitializeOnLoadAttributes (416ms)
				ProcessInitializeOnLoadMethodAttributes (19ms)
				AfterProcessingInitializeOnLoad (5ms)
				EditorAssembliesLoaded (0ms)
			ExecutionOrderSort2 (0ms)
			AwakeInstancesAfterBackupRestoration (5ms)
Platform modules already initialized, skipping
========================================================================
Worker process is ready to serve import requests
Launched and connected shader compiler UnityShaderCompiler.exe after 0.06 seconds
Refreshing native plugins compatible for Editor in 1.73 ms, found 3 plugins.
Preloading 0 native plugins for Editor in 0.00 ms.
Unloading 3266 Unused Serialized files (Serialized files now loaded: 0)
Unloading 46 unused Assets / (1.6 MB). Loaded Objects now: 3742.
Memory consumption went from 152.6 MB to 151.0 MB.
Total: 8.239500 ms (FindLiveObjects: 0.884500 ms CreateObjectMapping: 0.361600 ms MarkObjects: 6.138500 ms  DeleteObjects: 0.850000 ms)

AssetImportParameters requested are different than current active one (requested -> active):
  custom:video-decoder-ogg-theora: a1e56fd34408186e4bbccfd4996cb3dc -> 
  custom:container-muxer-webm: aa71ff27fc2769a1b78a27578f13a17b -> 
  custom:container-demuxer-webm: 4f35f7cbe854078d1ac9338744f61a02 -> 
  custom:video-encoder-webm-vp8: eb34c28f22e8b96e1ab97ce403110664 -> 
  custom:video-codec-MediaFoundation-h265: 746d11721c4dcdbdad8f713fa42b33f4 -> 
  custom:audio-encoder-webm-vorbis: bf7c407c2cedff20999df2af8eb42d56 -> 
  custom:framework-win-MediaFoundation: 216162199b28c13a410421893ffa2e32 -> 
  custom:container-demuxer-ogg: 62fdf1f143b41e24485cea50d1cbac27 -> 
  custom:video-decoder-webm-vp8: 9c59270c3fd7afecdb556c50c9e8de78 -> 
  custom:audio-decoder-ogg-vorbis: bf7c407c2cedff20999df2af8eb42d56 -> 
========================================================================
Received Import Request.
  Time since last request: 2769.134483 seconds.
  path: Assets/NewBrush.brush
  artifactKey: Guid(c2600da80252e2a4e9e6b03b1f0dbf6e) Importer(815301076,1909f56bfc062723c751e8b465ee728b)
Start importing Assets/NewBrush.brush using Guid(c2600da80252e2a4e9e6b03b1f0dbf6e) Importer(815301076,1909f56bfc062723c751e8b465ee728b)  -> (artifact id: 'b29255f94faeb6685041fd4da4491650') in 0.094190 seconds 
========================================================================
Received Import Request.
  Time since last request: 13.729538 seconds.
  path: Assets/NewBrush.brush
  artifactKey: Guid(c2600da80252e2a4e9e6b03b1f0dbf6e) Importer(815301076,1909f56bfc062723c751e8b465ee728b)
Start importing Assets/NewBrush.brush using Guid(c2600da80252e2a4e9e6b03b1f0dbf6e) Importer(815301076,1909f56bfc062723c751e8b465ee728b)  -> (artifact id: 'e80271707f04680f3df5afa88e810a67') in 0.019109 seconds 
========================================================================
Received Import Request.
  Time since last request: 850.865392 seconds.
  path: Assets/ProceduralTerrainPainter/Shaders
  artifactKey: Guid(6bdb402b847f69a4b999c5c4b810107f) Importer(815301076,1909f56bfc062723c751e8b465ee728b)
Start importing Assets/ProceduralTerrainPainter/Shaders using Guid(6bdb402b847f69a4b999c5c4b810107f) Importer(815301076,1909f56bfc062723c751e8b465ee728b)  -> (artifact id: '8b6b06cc1f45dc19373c6d8940405275') in 0.007503 seconds 
========================================================================
Received Import Request.
  Time since last request: 0.880539 seconds.
  path: Assets/ProceduralTerrainPainter/Runtime
  artifactKey: Guid(e4302148c55f089458b8e4ebd66c60e3) Importer(815301076,1909f56bfc062723c751e8b465ee728b)
Start importing Assets/ProceduralTerrainPainter/Runtime using Guid(e4302148c55f089458b8e4ebd66c60e3) Importer(815301076,1909f56bfc062723c751e8b465ee728b)  -> (artifact id: 'b962ea645c54593c8c62adfe5c8ee0fd') in 0.009887 seconds 
========================================================================
Received Import Request.
  Time since last request: 1.301646 seconds.
  path: Assets/ProceduralTerrainPainter/_Demo
  artifactKey: Guid(b4ceccca81b462f418ad1bb52790af9f) Importer(815301076,1909f56bfc062723c751e8b465ee728b)
Start importing Assets/ProceduralTerrainPainter/_Demo using Guid(b4ceccca81b462f418ad1bb52790af9f) Importer(815301076,1909f56bfc062723c751e8b465ee728b)  -> (artifact id: 'a3c3da9039a2b09e57b517ae45753c33') in 0.009348 seconds 
========================================================================
Received Import Request.
  Time since last request: 0.118554 seconds.
  path: Assets/ProceduralTerrainPainter/_Demo/PTP_TerrainMat.mat
  artifactKey: Guid(b8b309b499f9d104baca1fbf190fd575) Importer(815301076,1909f56bfc062723c751e8b465ee728b)
Start importing Assets/ProceduralTerrainPainter/_Demo/PTP_TerrainMat.mat using Guid(b8b309b499f9d104baca1fbf190fd575) Importer(815301076,1909f56bfc062723c751e8b465ee728b)  -> (artifact id: '6783d475429ce8f35e23174fe3bec590') in 0.180736 seconds 
========================================================================
Received Import Request.
  Time since last request: 1.818725 seconds.
  path: Assets/ProceduralTerrainPainter/_Demo/DemoScene.unity
  artifactKey: Guid(b9f1a965ac3e580489af7e84e004a320) Importer(815301076,1909f56bfc062723c751e8b465ee728b)
Start importing Assets/ProceduralTerrainPainter/_Demo/DemoScene.unity using Guid(b9f1a965ac3e580489af7e84e004a320) Importer(815301076,1909f56bfc062723c751e8b465ee728b)  -> (artifact id: 'a1faaa7492c04446fc5c7e6203aded5f') in 0.008822 seconds 
========================================================================
Received Import Request.
  Time since last request: 12.758838 seconds.
  path: Assets/New Terrain.asset
  artifactKey: Guid(293932c67717d0348a4a78bb5c7df22d) Importer(815301076,1909f56bfc062723c751e8b465ee728b)
Start importing Assets/New Terrain.asset using Guid(293932c67717d0348a4a78bb5c7df22d) Importer(815301076,1909f56bfc062723c751e8b465ee728b)  -> (artifact id: '0378a9d552cbe8da7b05b14fe23f5404') in 0.013941 seconds 
========================================================================
Received Import Request.
  Time since last request: 3.211721 seconds.
  path: Assets/Scenes/SampleScene.unity
  artifactKey: Guid(9fc0d4010bbf28b4594072e72b8655ab) Importer(815301076,1909f56bfc062723c751e8b465ee728b)
Start importing Assets/Scenes/SampleScene.unity using Guid(9fc0d4010bbf28b4594072e72b8655ab) Importer(815301076,1909f56bfc062723c751e8b465ee728b)  -> (artifact id: 'fa3bc8b7c1bf58b77fc58fe92768ecdd') in 0.009980 seconds 
========================================================================
Received Import Request.
  Time since last request: 12.924549 seconds.
  path: Assets/NewBrush.brush
  artifactKey: Guid(c2600da80252e2a4e9e6b03b1f0dbf6e) Importer(815301076,1909f56bfc062723c751e8b465ee728b)
Start importing Assets/NewBrush.brush using Guid(c2600da80252e2a4e9e6b03b1f0dbf6e) Importer(815301076,1909f56bfc062723c751e8b465ee728b)  -> (artifact id: 'b61ab698711b4993f6b85246580b8077') in 0.021533 seconds 
========================================================================
Received Import Request.
  Time since last request: 26.318703 seconds.
  path: Assets/NewBrush 1.brush
  artifactKey: Guid(2a55e74e01168a84398ec46ec1b2c8da) Importer(815301076,1909f56bfc062723c751e8b465ee728b)
Start importing Assets/NewBrush 1.brush using Guid(2a55e74e01168a84398ec46ec1b2c8da) Importer(815301076,1909f56bfc062723c751e8b465ee728b)  -> (artifact id: '9da3149c8e5f23c7ee118388f53fc2de') in 0.028540 seconds 
========================================================================
Received Import Request.
  Time since last request: 22.196049 seconds.
  path: Assets/NewBrush 2.brush
  artifactKey: Guid(3d202b0c560c5624485760666fa6472b) Importer(815301076,1909f56bfc062723c751e8b465ee728b)
Start importing Assets/NewBrush 2.brush using Guid(3d202b0c560c5624485760666fa6472b) Importer(815301076,1909f56bfc062723c751e8b465ee728b)  -> (artifact id: '089619fed06a6fff8f40fd3cf7a53396') in 0.017000 seconds 
========================================================================
Received Import Request.
  Time since last request: 7.566600 seconds.
  path: Assets/NewBrush 3.brush
  artifactKey: Guid(b112694effb12ce47975807eaea0efd1) Importer(815301076,1909f56bfc062723c751e8b465ee728b)
Start importing Assets/NewBrush 3.brush using Guid(b112694effb12ce47975807eaea0efd1) Importer(815301076,1909f56bfc062723c751e8b465ee728b)  -> (artifact id: 'a173873c7a25f05e1484db3bce93a9f0') in 0.017461 seconds 
========================================================================
Received Import Request.
  Time since last request: 16.173302 seconds.
  path: Assets/NewBrush 4.brush
  artifactKey: Guid(7594d40c95d56274191d882250328c58) Importer(815301076,1909f56bfc062723c751e8b465ee728b)
Start importing Assets/NewBrush 4.brush using Guid(7594d40c95d56274191d882250328c58) Importer(815301076,1909f56bfc062723c751e8b465ee728b)  -> (artifact id: '15872154a3d13ac103e01c6e634704c2') in 0.019556 seconds 
========================================================================
Received Import Request.
  Time since last request: 155.382143 seconds.
  path: Assets/ProceduralTerrainPainter/_Demo/Layers/Cliffs.terrainlayer
  artifactKey: Guid(69debc15b685aef4aa7bb2783ddd8a2b) Importer(815301076,1909f56bfc062723c751e8b465ee728b)
Start importing Assets/ProceduralTerrainPainter/_Demo/Layers/Cliffs.terrainlayer using Guid(69debc15b685aef4aa7bb2783ddd8a2b) Importer(815301076,1909f56bfc062723c751e8b465ee728b)  -> (artifact id: 'f87a4e5abc75c520649887d97162ef13') in 0.025132 seconds 
========================================================================
Received Import Request.
  Time since last request: 0.030749 seconds.
  path: Assets/ProceduralTerrainPainter/_Demo/Layers/Sand.terrainlayer
  artifactKey: Guid(9a73362259799e748b5f32ee4d5b9f54) Importer(815301076,1909f56bfc062723c751e8b465ee728b)
Start importing Assets/ProceduralTerrainPainter/_Demo/Layers/Sand.terrainlayer using Guid(9a73362259799e748b5f32ee4d5b9f54) Importer(815301076,1909f56bfc062723c751e8b465ee728b)  -> (artifact id: '7e00bc13c03e556761691eadae951a5f') in 0.019888 seconds 
========================================================================
Received Import Request.
  Time since last request: 0.000035 seconds.
  path: Assets/ProceduralTerrainPainter/_Demo/Layers/Gravel.terrainlayer
  artifactKey: Guid(0cb80391d22817b42a6231c64293ae96) Importer(815301076,1909f56bfc062723c751e8b465ee728b)
Start importing Assets/ProceduralTerrainPainter/_Demo/Layers/Gravel.terrainlayer using Guid(0cb80391d22817b42a6231c64293ae96) Importer(815301076,1909f56bfc062723c751e8b465ee728b)  -> (artifact id: 'ecaf11ea162b3136b9d9df00e844bd94') in 0.017698 seconds 
========================================================================
Received Import Request.
  Time since last request: 0.000025 seconds.
  path: Assets/ProceduralTerrainPainter/_Demo/Layers/Snow.terrainlayer
  artifactKey: Guid(c52ad77efecd38146bfb167ad0f38daf) Importer(815301076,1909f56bfc062723c751e8b465ee728b)
Start importing Assets/ProceduralTerrainPainter/_Demo/Layers/Snow.terrainlayer using Guid(c52ad77efecd38146bfb167ad0f38daf) Importer(815301076,1909f56bfc062723c751e8b465ee728b)  -> (artifact id: 'de847077ed7c43bf7d3afcfb4140c031') in 0.017764 seconds 
========================================================================
Received Import Request.
  Time since last request: 0.000022 seconds.
  path: Assets/ProceduralTerrainPainter/_Demo/Layers/Puddles.terrainlayer
  artifactKey: Guid(3d81b9bfeafeb1f40b4d3c7d03d1e108) Importer(815301076,1909f56bfc062723c751e8b465ee728b)
Start importing Assets/ProceduralTerrainPainter/_Demo/Layers/Puddles.terrainlayer using Guid(3d81b9bfeafeb1f40b4d3c7d03d1e108) Importer(815301076,1909f56bfc062723c751e8b465ee728b)  -> (artifact id: 'bbbae43e75c1023f9bde2d116b7d1075') in 0.019534 seconds 
Editor requested this worker to shutdown with reason: Scaling down because of idle timeout
AssetImportWorker is now disconnected from the server
Process exiting
Exiting without the bug reporter. Application will terminate with return code 0